0 info it worked if it ends with ok
1 verbose cli [ '/Users/iamblue/.nvm/v6.9.5/bin/node',
1 verbose cli   '/Users/iamblue/.nvm/v6.9.5/bin/npm',
1 verbose cli   'run',
1 verbose cli   'watch:global' ]
2 info using npm@3.10.10
3 info using node@v6.9.5
4 verbose run-script [ 'prewatch:global', 'watch:global', 'postwatch:global' ]
5 info lifecycle mcs-lite-app@1.0.0~prewatch:global: mcs-lite-app@1.0.0
6 silly lifecycle mcs-lite-app@1.0.0~prewatch:global: no script for prewatch:global, continuing
7 info lifecycle mcs-lite-app@1.0.0~watch:global: mcs-lite-app@1.0.0
8 verbose lifecycle mcs-lite-app@1.0.0~watch:global: unsafe-perm in lifecycle true
9 verbose lifecycle mcs-lite-app@1.0.0~watch:global: PATH: /Users/iamblue/.nvm/v6.9.5/lib/node_modules/npm/bin/node-gyp-bin:/Users/iamblue/mcs-lite-app/node_modules/.bin:/Users/iamblue/.nvm/v6.9.5/bin:/usr/local/heroku/bin:/Applications/Postgres.app/Contents/Versions/9.3/bin:/usr/local/share/npm/bin:/usr/local/bin:/usr/bin:/bin:/usr/sbin:/sbin:/usr/local/bin
10 verbose lifecycle mcs-lite-app@1.0.0~watch:global: CWD: /Users/iamblue/mcs-lite-app
11 silly lifecycle mcs-lite-app@1.0.0~watch:global: Args: [ '-c',
11 silly lifecycle   '~/Downloads/nwjs-sdk-v0.19.3-osx-x64/nwjs.app/Contents/MacOS/nwjs --enable-logging .' ]
12 info lifecycle mcs-lite-app@1.0.0~watch:global: Failed to exec watch:global script
13 verbose stack Error: mcs-lite-app@1.0.0 watch:global: `~/Downloads/nwjs-sdk-v0.19.3-osx-x64/nwjs.app/Contents/MacOS/nwjs --enable-logging .`
13 verbose stack spawn ENOENT
13 verbose stack     at ChildProcess.<anonymous> (/Users/iamblue/.nvm/v6.9.5/lib/node_modules/npm/lib/utils/spawn.js:33:16)
13 verbose stack     at emitTwo (events.js:106:13)
13 verbose stack     at ChildProcess.emit (events.js:191:7)
13 verbose stack     at maybeClose (internal/child_process.js:877:16)
13 verbose stack     at Process.ChildProcess._handle.onexit (internal/child_process.js:226:5)
14 verbose pkgid mcs-lite-app@1.0.0
15 verbose cwd /Users/iamblue/mcs-lite-app
16 error Darwin 13.0.2
17 error argv "/Users/iamblue/.nvm/v6.9.5/bin/node" "/Users/iamblue/.nvm/v6.9.5/bin/npm" "run" "watch:global"
18 error node v6.9.5
19 error npm  v3.10.10
20 error file sh
21 error code ELIFECYCLE
22 error errno ENOENT
23 error syscall spawn
24 error mcs-lite-app@1.0.0 watch:global: `~/Downloads/nwjs-sdk-v0.19.3-osx-x64/nwjs.app/Contents/MacOS/nwjs --enable-logging .`
24 error spawn ENOENT
25 error Failed at the mcs-lite-app@1.0.0 watch:global script '~/Downloads/nwjs-sdk-v0.19.3-osx-x64/nwjs.app/Contents/MacOS/nwjs --enable-logging .'.
25 error Make sure you have the latest version of node.js and npm installed.
25 error If you do, this is most likely a problem with the mcs-lite-app package,
25 error not with npm itself.
25 error Tell the author that this fails on your system:
25 error     ~/Downloads/nwjs-sdk-v0.19.3-osx-x64/nwjs.app/Contents/MacOS/nwjs --enable-logging .
25 error You can get information on how to open an issue for this project with:
25 error     npm bugs mcs-lite-app
25 error Or if that isn't available, you can get their info via:
25 error     npm owner ls mcs-lite-app
25 error There is likely additional logging output above.
26 verbose exit [ 1, true ]
